<?xml version="1.0" encoding="UTF-8"?>
<testng-results ignored="0" total="1" passed="1" failed="0" skipped="0">
  <reporter-output>
  </reporter-output>
  <suite started-at="2021-03-31T13:07:29 GMT" name="Default suite" finished-at="2021-03-31T13:07:34 GMT" duration-ms="5195">
    <groups>
    </groups>
    <test started-at="2021-03-31T13:07:29 GMT" name="Default test" finished-at="2021-03-31T13:07:34 GMT" duration-ms="5195">
      <class name="testCases.TC1">
        <test-method is-config="true" signature="initialSetup()[pri:0, instance:testCases.TC1@671a5887]" started-at="2021-03-31T13:07:29 GMT" name="initialSetup" finished-at="2021-03-31T13:07:33 GMT" duration-ms="3936" status="PASS">
          <reporter-output>
          </reporter-output>
        </test-method> <!-- initialSetup -->
        <test-method signature="scenario()[pri:0, instance:testCases.TC1@671a5887]" started-at="2021-03-31T13:07:33 GMT" name="scenario" finished-at="2021-03-31T13:07:34 GMT" duration-ms="1211" status="PASS">
          <reporter-output>
          </reporter-output>
        </test-method> <!-- scenario -->
      </class> <!-- testCases.TC1 -->
    </test> <!-- Default test -->
  </suite> <!-- Default suite -->
</testng-results>
